This is pdfTeX, Version 3.141592653-2.6-1.40.23 (TeX Live 2021/W32TeX) (preloaded format=pdflatex 2022.1.24)  26 JAN 2022 13:32
entering extended mode
 restricted \write18 enabled.
 %&-line parsing enabled.
**Eye-Fitting-Straight-Lines-in-the-Modern-Era.tex
(./Eye-Fitting-Straight-Lines-in-the-Modern-Era.tex
LaTeX2e <2021-11-15> patch level 1
L3 programming layer <2022-01-21> (c:/Users/ERobi/AppData/Roaming/TinyTeX/texmf-dist/tex/latex/base/article.cls
Document Class: article 2021/10/04 v1.4n Standard LaTeX document class
(c:/Users/ERobi/AppData/Roaming/TinyTeX/texmf-dist/tex/latex/base/size12.clo
File: size12.clo 2021/10/04 v1.4n Standard LaTeX file (size option)
)
\c@part=\count185
\c@section=\count186
\c@subsection=\count187
\c@subsubsection=\count188
\c@paragraph=\count189
\c@subparagraph=\count190
\c@figure=\count191
\c@table=\count192
\abovecaptionskip=\skip47
\belowcaptionskip=\skip48
\bibindent=\dimen138
) (c:/Users/ERobi/AppData/Roaming/TinyTeX/texmf-dist/tex/latex/amsmath/amsmath.sty
Package: amsmath 2021/10/15 v2.17l AMS math features
\@mathmargin=\skip49
For additional information on amsmath, use the `?' option.
(c:/Users/ERobi/AppData/Roaming/TinyTeX/texmf-dist/tex/latex/amsmath/amstext.sty
Package: amstext 2021/08/26 v2.01 AMS text
(c:/Users/ERobi/AppData/Roaming/TinyTeX/texmf-dist/tex/latex/amsmath/amsgen.sty
File: amsgen.sty 1999/11/30 v2.0 generic functions
\@emptytoks=\toks16
\ex@=\dimen139
)) (c:/Users/ERobi/AppData/Roaming/TinyTeX/texmf-dist/tex/latex/amsmath/amsbsy.sty
Package: amsbsy 1999/11/29 v1.2d Bold Symbols
\pmbraise@=\dimen140
) (c:/Users/ERobi/AppData/Roaming/TinyTeX/texmf-dist/tex/latex/amsmath/amsopn.sty
Package: amsopn 2021/08/26 v2.02 operator names
)
\inf@bad=\count193
LaTeX Info: Redefining \frac on input line 234.
\uproot@=\count194
\leftroot@=\count195
LaTeX Info: Redefining \overline on input line 399.
\classnum@=\count196
\DOTSCASE@=\count197
LaTeX Info: Redefining \ldots on input line 496.
LaTeX Info: Redefining \dots on input line 499.
LaTeX Info: Redefining \cdots on input line 620.
\Mathstrutbox@=\box50
\strutbox@=\box51
\big@size=\dimen141
LaTeX Font Info:    Redeclaring font encoding OML on input line 743.
LaTeX Font Info:    Redeclaring font encoding OMS on input line 744.
\macc@depth=\count198
\c@MaxMatrixCols=\count199
\dotsspace@=\muskip16
\c@parentequation=\count266
\dspbrk@lvl=\count267
\tag@help=\toks17
\row@=\count268
\column@=\count269
\maxfields@=\count270
\andhelp@=\toks18
\eqnshift@=\dimen142
\alignsep@=\dimen143
\tagshift@=\dimen144
\tagwidth@=\dimen145
\totwidth@=\dimen146
\lineht@=\dimen147
\@envbody=\toks19
\multlinegap=\skip50
\multlinetaggap=\skip51
\mathdisplay@stack=\toks20
LaTeX Info: Redefining \[ on input line 2938.
LaTeX Info: Redefining \] on input line 2939.
) (c:/Users/ERobi/AppData/Roaming/TinyTeX/texmf-dist/tex/latex/graphics/graphicx.sty
Package: graphicx 2021/09/16 v1.2d Enhanced LaTeX Graphics (DPC,SPQR)
(c:/Users/ERobi/AppData/Roaming/TinyTeX/texmf-dist/tex/latex/graphics/keyval.sty
Package: keyval 2014/10/28 v1.15 key=value parser (DPC)
\KV@toks@=\toks21
) (c:/Users/ERobi/AppData/Roaming/TinyTeX/texmf-dist/tex/latex/graphics/graphics.sty
Package: graphics 2021/03/04 v1.4d Standard LaTeX Graphics (DPC,SPQR)
(c:/Users/ERobi/AppData/Roaming/TinyTeX/texmf-dist/tex/latex/graphics/trig.sty
Package: trig 2021/08/11 v1.11 sin cos tan (DPC)
) (c:/Users/ERobi/AppData/Roaming/TinyTeX/texmf-dist/tex/latex/graphics-cfg/graphics.cfg
File: graphics.cfg 2016/06/04 v1.11 sample graphics configuration
)
Package graphics Info: Driver file: pdftex.def on input line 107.
(c:/Users/ERobi/AppData/Roaming/TinyTeX/texmf-dist/tex/latex/graphics-def/pdftex.def
File: pdftex.def 2020/10/05 v1.2a Graphics/color driver for pdftex
))
\Gin@req@height=\dimen148
\Gin@req@width=\dimen149
) (c:/Users/ERobi/AppData/Roaming/TinyTeX/texmf-dist/tex/latex/psfrag/psfrag.sty
Package: psfrag 1998/04/11 v3.04 PSfrag (MCG)
\pfg@pcount=\count271
\pfg@scount=\count272
\pfg@temp=\write3
) (c:/Users/ERobi/AppData/Roaming/TinyTeX/texmf-dist/tex/generic/epsf/epsf.sty
This is `epsf.tex' v2.7.4 <14 February 2011>
\epsffilein=\read2
\epsfframemargin=\dimen150
\epsfframethickness=\dimen151
\epsfrsize=\dimen152
\epsftmp=\dimen153
\epsftsize=\dimen154
\epsfxsize=\dimen155
\epsfysize=\dimen156
\pspoints=\dimen157
) (c:/Users/ERobi/AppData/Roaming/TinyTeX/texmf-dist/tex/latex/tools/enumerate.sty
Package: enumerate 2015/07/23 v3.00 enumerate extensions (DPC)
\@enLab=\toks22
) (c:/Users/ERobi/AppData/Roaming/TinyTeX/texmf-dist/tex/latex/natbib/natbib.sty
Package: natbib 2010/09/13 8.31b (PWD, AO)
\bibhang=\skip52
\bibsep=\skip53
LaTeX Info: Redefining \cite on input line 694.
\c@NAT@ctr=\count273
) (c:/Users/ERobi/AppData/Roaming/TinyTeX/texmf-dist/tex/latex/base/textcomp.sty
Package: textcomp 2020/02/02 v2.0n Standard LaTeX package
) (c:/Users/ERobi/AppData/Roaming/TinyTeX/texmf-dist/tex/latex/url/url.sty
\Urlmuskip=\muskip17
Package: url 2013/09/16  ver 3.4  Verb mode for urls, etc.
) (c:/Users/ERobi/AppData/Roaming/TinyTeX/texmf-dist/tex/latex/hyperref/hyperref.sty
Package: hyperref 2021-06-07 v7.00m Hypertext links for LaTeX
(c:/Users/ERobi/AppData/Roaming/TinyTeX/texmf-dist/tex/generic/ltxcmds/ltxcmds.sty
Package: ltxcmds 2020-05-10 v1.25 LaTeX kernel commands for general use (HO)
) (c:/Users/ERobi/AppData/Roaming/TinyTeX/texmf-dist/tex/generic/iftex/iftex.sty
Package: iftex 2020/03/06 v1.0d TeX engine tests
) (c:/Users/ERobi/AppData/Roaming/TinyTeX/texmf-dist/tex/generic/pdftexcmds/pdftexcmds.sty
Package: pdftexcmds 2020-06-27 v0.33 Utility functions of pdfTeX for LuaTeX (HO)
(c:/Users/ERobi/AppData/Roaming/TinyTeX/texmf-dist/tex/generic/infwarerr/infwarerr.sty
Package: infwarerr 2019/12/03 v1.5 Providing info/warning/error messages (HO)
)
Package pdftexcmds Info: \pdf@primitive is available.
Package pdftexcmds Info: \pdf@ifprimitive is available.
Package pdftexcmds Info: \pdfdraftmode found.
) (c:/Users/ERobi/AppData/Roaming/TinyTeX/texmf-dist/tex/generic/kvsetkeys/kvsetkeys.sty
Package: kvsetkeys 2019/12/15 v1.18 Key value parser (HO)
) (c:/Users/ERobi/AppData/Roaming/TinyTeX/texmf-dist/tex/generic/kvdefinekeys/kvdefinekeys.sty
Package: kvdefinekeys 2019-12-19 v1.6 Define keys (HO)
) (c:/Users/ERobi/AppData/Roaming/TinyTeX/texmf-dist/tex/generic/pdfescape/pdfescape.sty
Package: pdfescape 2019/12/09 v1.15 Implements pdfTeX's escape features (HO)
) (c:/Users/ERobi/AppData/Roaming/TinyTeX/texmf-dist/tex/latex/hycolor/hycolor.sty
Package: hycolor 2020-01-27 v1.10 Color options for hyperref/bookmark (HO)
) (c:/Users/ERobi/AppData/Roaming/TinyTeX/texmf-dist/tex/latex/letltxmacro/letltxmacro.sty
Package: letltxmacro 2019/12/03 v1.6 Let assignment for LaTeX macros (HO)
) (c:/Users/ERobi/AppData/Roaming/TinyTeX/texmf-dist/tex/latex/auxhook/auxhook.sty
Package: auxhook 2019-12-17 v1.6 Hooks for auxiliary files (HO)
) (c:/Users/ERobi/AppData/Roaming/TinyTeX/texmf-dist/tex/latex/kvoptions/kvoptions.sty
Package: kvoptions 2020-10-07 v3.14 Key value format for package options (HO)
)
\@linkdim=\dimen158
\Hy@linkcounter=\count274
\Hy@pagecounter=\count275
(c:/Users/ERobi/AppData/Roaming/TinyTeX/texmf-dist/tex/latex/hyperref/pd1enc.def
File: pd1enc.def 2021-06-07 v7.00m Hyperref: PDFDocEncoding definition (HO)
Now handling font encoding PD1 ...
... no UTF-8 mapping file for font encoding PD1
) (c:/Users/ERobi/AppData/Roaming/TinyTeX/texmf-dist/tex/latex/hyperref/hyperref-langpatches.def
File: hyperref-langpatches.def 2021-06-07 v7.00m Hyperref: patches for babel languages
) (c:/Users/ERobi/AppData/Roaming/TinyTeX/texmf-dist/tex/generic/intcalc/intcalc.sty
Package: intcalc 2019/12/15 v1.3 Expandable calculations with integers (HO)
) (c:/Users/ERobi/AppData/Roaming/TinyTeX/texmf-dist/tex/generic/etexcmds/etexcmds.sty
Package: etexcmds 2019/12/15 v1.7 Avoid name clashes with e-TeX commands (HO)
)
\Hy@SavedSpaceFactor=\count276
(c:/Users/ERobi/AppData/Roaming/TinyTeX/texmf-dist/tex/latex/hyperref/puenc.def
File: puenc.def 2021-06-07 v7.00m Hyperref: PDF Unicode definition (HO)
Now handling font encoding PU ...
... no UTF-8 mapping file for font encoding PU
)
Package hyperref Info: Hyper figures OFF on input line 4192.
Package hyperref Info: Link nesting OFF on input line 4197.
Package hyperref Info: Hyper index ON on input line 4200.
Package hyperref Info: Plain pages OFF on input line 4207.
Package hyperref Info: Backreferencing OFF on input line 4212.
Package hyperref Info: Implicit mode ON; LaTeX internals redefined.
Package hyperref Info: Bookmarks ON on input line 4445.
\c@Hy@tempcnt=\count277
LaTeX Info: Redefining \url on input line 4804.
\XeTeXLinkMargin=\dimen159
(c:/Users/ERobi/AppData/Roaming/TinyTeX/texmf-dist/tex/generic/bitset/bitset.sty
Package: bitset 2019/12/09 v1.3 Handle bit-vector datatype (HO)
(c:/Users/ERobi/AppData/Roaming/TinyTeX/texmf-dist/tex/generic/bigintcalc/bigintcalc.sty
Package: bigintcalc 2019/12/15 v1.5 Expandable calculations on big integers (HO)
))
\Fld@menulength=\count278
\Field@Width=\dimen160
\Fld@charsize=\dimen161
Package hyperref Info: Hyper figures OFF on input line 6076.
Package hyperref Info: Link nesting OFF on input line 6081.
Package hyperref Info: Hyper index ON on input line 6084.
Package hyperref Info: backreferencing OFF on input line 6091.
Package hyperref Info: Link coloring OFF on input line 6096.
Package hyperref Info: Link coloring with OCG OFF on input line 6101.
Package hyperref Info: PDF/A mode OFF on input line 6106.
LaTeX Info: Redefining \ref on input line 6146.
LaTeX Info: Redefining \pageref on input line 6150.
(c:/Users/ERobi/AppData/Roaming/TinyTeX/texmf-dist/tex/latex/base/atbegshi-ltx.sty
Package: atbegshi-ltx 2021/01/10 v1.0c Emulation of the original atbegshi
package with kernel methods
)
\Hy@abspage=\count279
\c@Item=\count280
\c@Hfootnote=\count281
)
Package hyperref Info: Driver (autodetected): hpdftex.
(c:/Users/ERobi/AppData/Roaming/TinyTeX/texmf-dist/tex/latex/hyperref/hpdftex.def
File: hpdftex.def 2021-06-07 v7.00m Hyperref driver for pdfTeX
(c:/Users/ERobi/AppData/Roaming/TinyTeX/texmf-dist/tex/latex/base/atveryend-ltx.sty
Package: atveryend-ltx 2020/08/19 v1.0a Emulation of the original atveryend package
with kernel methods
)
\Fld@listcount=\count282
\c@bookmark@seq@number=\count283
(c:/Users/ERobi/AppData/Roaming/TinyTeX/texmf-dist/tex/latex/rerunfilecheck/rerunfilecheck.sty
Package: rerunfilecheck 2019/12/05 v1.9 Rerun checks for auxiliary files (HO)
(c:/Users/ERobi/AppData/Roaming/TinyTeX/texmf-dist/tex/generic/uniquecounter/uniquecounter.sty
Package: uniquecounter 2019/12/15 v1.4 Provide unlimited unique counter (HO)
)
Package uniquecounter Info: New unique counter `rerunfilecheck' on input line 286.
)
\Hy@SectionHShift=\skip54
) (c:/Users/ERobi/AppData/Roaming/TinyTeX/texmf-dist/tex/latex/xcolor/xcolor.sty
Package: xcolor 2021/10/31 v2.13 LaTeX color extensions (UK)
(c:/Users/ERobi/AppData/Roaming/TinyTeX/texmf-dist/tex/latex/graphics-cfg/color.cfg
File: color.cfg 2016/01/02 v1.6 sample color configuration
)
Package xcolor Info: Driver file: pdftex.def on input line 227.
Package xcolor Info: Model `cmy' substituted by `cmy0' on input line 1352.
Package xcolor Info: Model `hsb' substituted by `rgb' on input line 1356.
Package xcolor Info: Model `RGB' extended on input line 1368.
Package xcolor Info: Model `HTML' substituted by `rgb' on input line 1370.
Package xcolor Info: Model `Hsb' substituted by `hsb' on input line 1371.
Package xcolor Info: Model `tHsb' substituted by `hsb' on input line 1372.
Package xcolor Info: Model `HSB' substituted by `hsb' on input line 1373.
Package xcolor Info: Model `Gray' substituted by `gray' on input line 1374.
Package xcolor Info: Model `wave' substituted by `hsb' on input line 1375.
(c:/Users/ERobi/AppData/Roaming/TinyTeX/texmf-dist/tex/latex/graphics/dvipsnam.def
File: dvipsnam.def 2016/06/17 v3.0m Driver-dependent file (DPC,SPQR)
)) (c:/Users/ERobi/AppData/Roaming/TinyTeX/texmf-dist/tex/latex/cleveref/cleveref.sty
Package: cleveref 2018/03/27 v0.21.4 Intelligent cross-referencing
Package cleveref Info: `hyperref' support loaded on input line 2370.
LaTeX Info: Redefining \cref on input line 2370.
LaTeX Info: Redefining \Cref on input line 2370.
LaTeX Info: Redefining \crefrange on input line 2370.
LaTeX Info: Redefining \Crefrange on input line 2370.
LaTeX Info: Redefining \cpageref on input line 2370.
LaTeX Info: Redefining \Cpageref on input line 2370.
LaTeX Info: Redefining \cpagerefrange on input line 2370.
LaTeX Info: Redefining \Cpagerefrange on input line 2370.
LaTeX Info: Redefining \labelcref on input line 2370.
LaTeX Info: Redefining \labelcpageref on input line 2370.
Package cleveref Info: always capitalise cross-reference names on input line 7825.
Package cleveref Info: always capitalise cross-reference names on input line 7852.
) (c:/Users/ERobi/AppData/Roaming/TinyTeX/texmf-dist/tex/latex/algorithms/algorithm.sty
Package: algorithm 2009/08/24 v0.1 Document Style `algorithm' - floating environment
(c:/Users/ERobi/AppData/Roaming/TinyTeX/texmf-dist/tex/latex/float/float.sty
Package: float 2001/11/08 v1.3d Float enhancements (AL)
\c@float@type=\count284
\float@exts=\toks23
\float@box=\box52
\@float@everytoks=\toks24
\@floatcapt=\box53
) (c:/Users/ERobi/AppData/Roaming/TinyTeX/texmf-dist/tex/latex/base/ifthen.sty
Package: ifthen 2020/11/24 v1.1c Standard LaTeX ifthen package (DPC)
)
\@float@every@algorithm=\toks25
\c@algorithm=\count285
) (c:/Users/ERobi/AppData/Roaming/TinyTeX/texmf-dist/tex/latex/algorithmicx/algpseudocode.sty
Package: algpseudocode 
(c:/Users/ERobi/AppData/Roaming/TinyTeX/texmf-dist/tex/latex/algorithmicx/algorithmicx.sty
Package: algorithmicx 2005/04/27 v1.2 Algorithmicx
Document Style algorithmicx 1.2 - a greatly improved `algorithmic' style
\c@ALG@line=\count286
\c@ALG@rem=\count287
\c@ALG@nested=\count288
\ALG@tlm=\skip55
\ALG@thistlm=\skip56
\c@ALG@Lnr=\count289
\c@ALG@blocknr=\count290
\c@ALG@storecount=\count291
\c@ALG@tmpcounter=\count292
\ALG@tmplength=\skip57
)
Document Style - pseudocode environments for use with the `algorithmicx' style
) (c:/Users/ERobi/AppData/Roaming/TinyTeX/texmf-dist/tex/latex/booktabs/booktabs.sty
Package: booktabs 2020/01/12 v1.61803398 Publication quality tables
\heavyrulewidth=\dimen162
\lightrulewidth=\dimen163
\cmidrulewidth=\dimen164
\belowrulesep=\dimen165
\belowbottomsep=\dimen166
\aboverulesep=\dimen167
\abovetopsep=\dimen168
\cmidrulesep=\dimen169
\cmidrulekern=\dimen170
\defaultaddspace=\dimen171
\@cmidla=\count293
\@cmidlb=\count294
\@aboverulesep=\dimen172
\@belowrulesep=\dimen173
\@thisruleclass=\count295
\@lastruleclass=\count296
\@thisrulewidth=\dimen174
) (c:/Users/ERobi/AppData/Roaming/TinyTeX/texmf-dist/tex/latex/l3backend/l3backend-pdftex.def
File: l3backend-pdftex.def 2022-01-12 L3 backend support: PDF output (pdfTeX)
\l__color_backend_stack_int=\count297
\l__pdf_internal_box=\box54
) (./Eye-Fitting-Straight-Lines-in-the-Modern-Era.aux)
\openout1 = `Eye-Fitting-Straight-Lines-in-the-Modern-Era.aux'.

LaTeX Font Info:    Checking defaults for OML/cmm/m/it on input line 40.
LaTeX Font Info:    ... okay on input line 40.
LaTeX Font Info:    Checking defaults for OMS/cmsy/m/n on input line 40.
LaTeX Font Info:    ... okay on input line 40.
LaTeX Font Info:    Checking defaults for OT1/cmr/m/n on input line 40.
LaTeX Font Info:    ... okay on input line 40.
LaTeX Font Info:    Checking defaults for T1/cmr/m/n on input line 40.
LaTeX Font Info:    ... okay on input line 40.
LaTeX Font Info:    Checking defaults for TS1/cmr/m/n on input line 40.
LaTeX Font Info:    ... okay on input line 40.
LaTeX Font Info:    Checking defaults for OMX/cmex/m/n on input line 40.
LaTeX Font Info:    ... okay on input line 40.
LaTeX Font Info:    Checking defaults for U/cmr/m/n on input line 40.
LaTeX Font Info:    ... okay on input line 40.
LaTeX Font Info:    Checking defaults for PD1/pdf/m/n on input line 40.
LaTeX Font Info:    ... okay on input line 40.
LaTeX Font Info:    Checking defaults for PU/pdf/m/n on input line 40.
LaTeX Font Info:    ... okay on input line 40.
(c:/Users/ERobi/AppData/Roaming/TinyTeX/texmf-dist/tex/latex/epstopdf-pkg/epstopdf-base.sty
Package: epstopdf-base 2020-01-24 v2.11 Base part for package epstopdf
Package epstopdf-base Info: Redefining graphics rule for `.eps' on input line 485.
(c:/Users/ERobi/AppData/Roaming/TinyTeX/texmf-dist/tex/latex/latexconfig/epstopdf-sys.cfg
File: epstopdf-sys.cfg 2010/07/13 v1.3 Configuration of (r)epstopdf for TeX Live
))
Package hyperref Info: Link coloring OFF on input line 40.
(c:/Users/ERobi/AppData/Roaming/TinyTeX/texmf-dist/tex/latex/hyperref/nameref.sty
Package: nameref 2021-04-02 v2.47 Cross-referencing by name of section
(c:/Users/ERobi/AppData/Roaming/TinyTeX/texmf-dist/tex/latex/refcount/refcount.sty
Package: refcount 2019/12/15 v3.6 Data extraction from label references (HO)
) (c:/Users/ERobi/AppData/Roaming/TinyTeX/texmf-dist/tex/generic/gettitlestring/gettitlestring.sty
Package: gettitlestring 2019/12/15 v1.6 Cleanup title references (HO)
)
\c@section@level=\count298
)
LaTeX Info: Redefining \ref on input line 40.
LaTeX Info: Redefining \pageref on input line 40.
LaTeX Info: Redefining \nameref on input line 40.
(./Eye-Fitting-Straight-Lines-in-the-Modern-Era.out) (./Eye-Fitting-Straight-Lines-in-the-Modern-Era.out)
\@outlinefile=\write4
\openout4 = `Eye-Fitting-Straight-Lines-in-the-Modern-Era.out'.

[1
Non-PDF special ignored!
<special> header=psfrag.pro

{c:/Users/ERobi/AppData/Roaming/TinyTeX/texmf-var/fonts/map/pdftex/updmap/pdftex.map}]

Package natbib Warning: Citation `vanderplas2015signs' on page 2 undefined on input line 150.

[2] [3] [4] [5]
<images/ydi-stimuli.png, id=188, 713.94pt x 196.662pt>
File: images/ydi-stimuli.png Graphic file (type png)
<use images/ydi-stimuli.png>
Package pdftex.def Info: images/ydi-stimuli.png  used on input line 316.
(pdftex.def)             Requested size: 462.26999pt x 127.33664pt.
[6]
<Eye-Fitting-Straight-Lines-in-the-Modern-Era_files/figure-latex/eyefitting-simplot-1.pdf, id=207, 650.43pt x 216.81pt>
File: Eye-Fitting-Straight-Lines-in-the-Modern-Era_files/figure-latex/eyefitting-simplot-1.pdf Graphic file (type pdf)
<use Eye-Fitting-Straight-Lines-in-the-Modern-Era_files/figure-latex/eyefitting-simplot-1.pdf>
Package pdftex.def Info: Eye-Fitting-Straight-Lines-in-the-Modern-Era_files/figure-latex/eyefitting-simplot-1.pdf  used on input line 369.
(pdftex.def)             Requested size: 462.26999pt x 154.09497pt.
[7pdfTeX warning (ext4): destination with the same identifier (name{figure.1}) has been already used, duplicate ignored
<argument> ...shipout:D \box_use:N \l_shipout_box 
                                                  \__shipout_drop_firstpage_...
l.393 
       <./images/ydi-stimuli.png>] [8pdfTeX warning (ext4): destination with the same identifier (name{table.1}) has been already used, duplicate ignored
<argument> ...shipout:D \box_use:N \l_shipout_box 
                                                  \__shipout_drop_firstpage_...
l.393 
      pdfTeX warning (ext4): destination with the same identifier (name{figure.2}) has been already used, duplicate ignored
<argument> ...shipout:D \box_use:N \l_shipout_box 
                                                  \__shipout_drop_firstpage_...
l.393 
       <./Eye-Fitting-Straight-Lines-in-the-Modern-Era_files/figure-latex/eyefitting-simplot-1.pdf>] [9]
<Eye-Fitting-Straight-Lines-in-the-Modern-Era_files/figure-latex/ols-vs-pca-example-1.pdf, id=236, 433.62pt x 216.81pt>
File: Eye-Fitting-Straight-Lines-in-the-Modern-Era_files/figure-latex/ols-vs-pca-example-1.pdf Graphic file (type pdf)
<use Eye-Fitting-Straight-Lines-in-the-Modern-Era_files/figure-latex/ols-vs-pca-example-1.pdf>
Package pdftex.def Info: Eye-Fitting-Straight-Lines-in-the-Modern-Era_files/figure-latex/ols-vs-pca-example-1.pdf  used on input line 431.
(pdftex.def)             Requested size: 369.8174pt x 184.91792pt.
<Eye-Fitting-Straight-Lines-in-the-Modern-Era_files/figure-latex/eyefitting-example-plot-1.pdf, id=238, 289.08pt x 289.08pt>
File: Eye-Fitting-Straight-Lines-in-the-Modern-Era_files/figure-latex/eyefitting-example-plot-1.pdf Graphic file (type pdf)
<use Eye-Fitting-Straight-Lines-in-the-Modern-Era_files/figure-latex/eyefitting-example-plot-1.pdf>
Package pdftex.def Info: Eye-Fitting-Straight-Lines-in-the-Modern-Era_files/figure-latex/eyefitting-example-plot-1.pdf  used on input line 454.
(pdftex.def)             Requested size: 231.135pt x 231.13197pt.
[10pdfTeX warning (ext4): destination with the same identifier (name{figure.3}) has been already used, duplicate ignored
<argument> ...shipout:D \box_use:N \l_shipout_box 
                                                  \__shipout_drop_firstpage_...
l.470 PCA) is given by: \begin{equation}
                                         <./Eye-Fitting-Straight-Lines-in-the-Modern-Era_files/figure-latex/ols-vs-pca-example-1.pdf>] [11pdfTeX warning (ext4): destination with the same identifier (name{figure.4}) has been already used, duplicate ignored
<argument> ...shipout:D \box_use:N \l_shipout_box 
                                                  \__shipout_drop_firstpage_...
l.498   \(
          x_{ijk}\) is the x-value for the \(i^{th}\) parameter choice, <./Eye-Fitting-Straight-Lines-in-the-Modern-Era_files/figure-latex/eyefitting-example-plot-1.pdf>]
<Eye-Fitting-Straight-Lines-in-the-Modern-Era_files/figure-latex/eyefitting-lmer-residualplots-1.pdf, id=272, 650.43pt x 216.81pt>
File: Eye-Fitting-Straight-Lines-in-the-Modern-Era_files/figure-latex/eyefitting-lmer-residualplots-1.pdf Graphic file (type pdf)
<use Eye-Fitting-Straight-Lines-in-the-Modern-Era_files/figure-latex/eyefitting-lmer-residualplots-1.pdf>
Package pdftex.def Info: Eye-Fitting-Straight-Lines-in-the-Modern-Era_files/figure-latex/eyefitting-lmer-residualplots-1.pdf  used on input line 524.
(pdftex.def)             Requested size: 462.26999pt x 154.09497pt.
[12pdfTeX warning (ext4): destination with the same identifier (name{figure.5}) has been already used, duplicate ignored
<argument> ...shipout:D \box_use:N \l_shipout_box 
                                                  \__shipout_drop_firstpage_...
l.544 \begin{equation}
                       <./Eye-Fitting-Straight-Lines-in-the-Modern-Era_files/figure-latex/eyefitting-lmer-residualplots-1.pdf>] [13]
<Eye-Fitting-Straight-Lines-in-the-Modern-Era_files/figure-latex/eyefitting-gamm-residualplots-1.pdf, id=313, 650.43pt x 216.81pt>
File: Eye-Fitting-Straight-Lines-in-the-Modern-Era_files/figure-latex/eyefitting-gamm-residualplots-1.pdf Graphic file (type pdf)
<use Eye-Fitting-Straight-Lines-in-the-Modern-Era_files/figure-latex/eyefitting-gamm-residualplots-1.pdf>
Package pdftex.def Info: Eye-Fitting-Straight-Lines-in-the-Modern-Era_files/figure-latex/eyefitting-gamm-residualplots-1.pdf  used on input line 603.
(pdftex.def)             Requested size: 462.26999pt x 154.09497pt.
[14pdfTeX warning (ext4): destination with the same identifier (name{figure.6}) has been already used, duplicate ignored
<argument> ...shipout:D \box_use:N \l_shipout_box 
                                                  \__shipout_drop_firstpage_...
l.632 
       <./Eye-Fitting-Straight-Lines-in-the-Modern-Era_files/figure-latex/eyefitting-gamm-residualplots-1.pdf>] (./Eye-Fitting-Straight-Lines-in-the-Modern-Era.bbl
Underfull \hbox (badness 10000) in paragraph at lines 5--9
\OT1/cmr/bx/n/12 URL: \OT1/cmr/m/it/12 https://www.nytimes.com/interactive/2015/05/28/upshot/you-draw-it-how-
 []

[15]
Underfull \hbox (badness 2865) in paragraph at lines 18--22
\OT1/cmr/bx/n/12 URL: \OT1/cmr/m/it/12 https://www.nytimes.com/interactive/2017/01/15/us/politics/you-draw-obama-
 []

[16]
Underfull \hbox (badness 10000) in paragraph at lines 70--73
\OT1/cmr/bx/n/12 URL: \OT1/cmr/m/it/12 https://www.nytimes.com/interactive/2017/04/14/upshot/drug-overdose-
 []

[17])

Package natbib Warning: There were undefined citations.

[18] (./Eye-Fitting-Straight-Lines-in-the-Modern-Era.aux)
Package rerunfilecheck Info: File `Eye-Fitting-Straight-Lines-in-the-Modern-Era.out' has not changed.
(rerunfilecheck)             Checksum: 727D4CF944E6F6C6ED53887BD2FA48AC;2282.
 ) 
Here is how much of TeX's memory you used:
 12277 strings out of 480247
 211394 string characters out of 5894474
 508336 words of memory out of 5000000
 29977 multiletter control sequences out of 15000+600000
 477320 words of font info for 56 fonts, out of 8000000 for 9000
 14 hyphenation exceptions out of 8191
 60i,12n,63p,704b,479s stack positions out of 5000i,500n,10000p,200000b,80000s
 <c:/Users/ERobi/AppData/Roaming/TinyTeX/texmf-var/fonts/pk/ljfour/jknappen/ec/tcrm1200.600pk><c:/Users/ERobi/AppData/Roaming/TinyTeX/texmf-dist/fonts/type1/public/amsfonts/cm/cmbx10.pfb><c:/Users/ERobi/AppData/Roaming/TinyTeX/texmf-dist/fonts/type1/public/amsfonts/cm/cmbx12.pfb><c:/Users/ERobi/AppData/Roaming/TinyTeX/texmf-dist/fonts/type1/public/amsfonts/cm/cmmi12.pfb><c:/Users/ERobi/AppData/Roaming/TinyTeX/texmf-dist/fonts/type1/public/amsfonts/cm/cmmi8.pfb><c:/Users/ERobi/AppData/Roaming/TinyTeX/texmf-dist/fonts/type1/public/amsfonts/cm/cmr10.pfb><c:/Users/ERobi/AppData/Roaming/TinyTeX/texmf-dist/fonts/type1/public/amsfonts/cm/cmr12.pfb><c:/Users/ERobi/AppData/Roaming/TinyTeX/texmf-dist/fonts/type1/public/amsfonts/cm/cmr8.pfb><c:/Users/ERobi/AppData/Roaming/TinyTeX/texmf-dist/fonts/type1/public/amsfonts/cm/cmsy10.pfb><c:/Users/ERobi/AppData/Roaming/TinyTeX/texmf-dist/fonts/type1/public/amsfonts/cm/cmti12.pfb><c:/Users/ERobi/AppData/Roaming/TinyTeX/texmf-dist/fonts/type1/public/amsfonts/cm/cmtt12.pfb>
Output written on Eye-Fitting-Straight-Lines-in-the-Modern-Era.pdf (18 pages, 650626 bytes).
PDF statistics:
 421 PDF objects out of 1000 (max. 8388607)
 364 compressed objects within 4 object streams
 89 named destinations out of 1000 (max. 500000)
 159 words of extra memory for PDF output out of 10000 (max. 10000000)

